mode: set
insider-message-system/docs/docs.go:402.13,404.2 1 0
insider-message-system/internal/application/services/message.go:34.11,40.2 1 1
insider-message-system/internal/application/services/message.go:42.110,43.32 1 1
insider-message-system/internal/application/services/message.go:43.32,45.3 1 1
insider-message-system/internal/application/services/message.go:47.2,49.59 2 1
insider-message-system/internal/application/services/message.go:49.59,52.3 2 1
insider-message-system/internal/application/services/message.go:54.2,55.21 2 1
insider-message-system/internal/application/services/message.go:58.110,62.16 3 1
insider-message-system/internal/application/services/message.go:62.16,65.3 2 1
insider-message-system/internal/application/services/message.go:67.2,68.16 2 1
insider-message-system/internal/application/services/message.go:68.16,71.3 2 1
insider-message-system/internal/application/services/message.go:73.2,73.29 1 1
insider-message-system/internal/application/services/message.go:76.77,78.16 2 1
insider-message-system/internal/application/services/message.go:78.16,81.3 2 0
insider-message-system/internal/application/services/message.go:83.2,83.24 1 1
insider-message-system/internal/application/services/message.go:83.24,86.3 2 1
insider-message-system/internal/application/services/message.go:88.2,90.35 2 1
insider-message-system/internal/application/services/message.go:90.35,91.59 1 1
insider-message-system/internal/application/services/message.go:91.59,95.12 2 1
insider-message-system/internal/application/services/message.go:99.2,99.12 1 1
insider-message-system/internal/application/services/message.go:102.89,103.34 1 1
insider-message-system/internal/application/services/message.go:103.34,108.3 2 1
insider-message-system/internal/application/services/message.go:110.2,116.16 3 1
insider-message-system/internal/application/services/message.go:116.16,118.112 2 1
insider-message-system/internal/application/services/message.go:118.112,122.4 1 0
insider-message-system/internal/application/services/message.go:123.3,123.13 1 1
insider-message-system/internal/application/services/message.go:126.2,126.114 1 1
insider-message-system/internal/application/services/message.go:126.114,131.3 2 1
insider-message-system/internal/application/services/message.go:133.2,133.27 1 1
insider-message-system/internal/application/services/message.go:133.27,139.85 2 1
insider-message-system/internal/application/services/message.go:139.85,143.4 1 0
insider-message-system/internal/application/services/message.go:146.2,150.12 2 1
insider-message-system/internal/application/services/message_processor.go:19.82,24.2 1 0
insider-message-system/internal/application/services/message_processor.go:26.71,30.2 2 0
insider-message-system/internal/application/services/scheduler.go:34.60,38.2 1 1
insider-message-system/internal/application/services/scheduler.go:40.69,44.2 3 1
insider-message-system/internal/application/services/scheduler.go:46.54,50.15 3 1
insider-message-system/internal/application/services/scheduler.go:50.15,53.3 2 1
insider-message-system/internal/application/services/scheduler.go:55.2,55.24 1 1
insider-message-system/internal/application/services/scheduler.go:55.24,58.3 2 1
insider-message-system/internal/application/services/scheduler.go:60.2,68.12 7 1
insider-message-system/internal/application/services/scheduler.go:71.34,75.16 3 1
insider-message-system/internal/application/services/scheduler.go:75.16,78.3 2 1
insider-message-system/internal/application/services/scheduler.go:80.2,88.12 7 1
insider-message-system/internal/application/services/scheduler.go:91.38,95.2 3 1
insider-message-system/internal/application/services/scheduler.go:97.27,102.6 3 1
insider-message-system/internal/application/services/scheduler.go:102.6,103.10 1 1
insider-message-system/internal/application/services/scheduler.go:104.23,106.10 2 1
insider-message-system/internal/application/services/scheduler.go:108.21,109.24 1 1
insider-message-system/internal/application/services/scheduler.go:114.40,115.62 1 1
insider-message-system/internal/application/services/scheduler.go:115.62,117.17 2 1
insider-message-system/internal/application/services/scheduler.go:117.17,119.4 1 0
insider-message-system/internal/application/services/scheduler.go:121.3,126.36 2 1
insider-message-system/internal/application/services/scheduler.go:126.36,127.11 1 0
insider-message-system/internal/application/services/scheduler.go:128.24,129.11 1 0
insider-message-system/internal/application/services/scheduler.go:130.43,131.13 1 0
insider-message-system/internal/application/services/scheduler.go:136.2,137.47 1 1
insider-message-system/cmd/api/main.go:32.13,34.16 2 0
insider-message-system/cmd/api/main.go:34.16,35.56 1 0
insider-message-system/cmd/api/main.go:38.2,38.48 1 0
insider-message-system/cmd/api/main.go:38.48,39.55 1 0
insider-message-system/cmd/api/main.go:41.2,49.16 6 0
insider-message-system/cmd/api/main.go:49.16,51.3 1 0
insider-message-system/cmd/api/main.go:52.2,54.37 2 0
insider-message-system/cmd/api/main.go:54.37,56.3 1 0
insider-message-system/cmd/api/main.go:58.2,59.26 2 0
insider-message-system/cmd/api/main.go:59.26,61.17 2 0
insider-message-system/cmd/api/main.go:61.17,63.4 1 0
insider-message-system/cmd/api/main.go:63.9,65.4 1 0
insider-message-system/cmd/api/main.go:68.2,95.12 16 0
insider-message-system/cmd/api/main.go:95.12,97.40 2 0
insider-message-system/cmd/api/main.go:97.40,100.4 2 0
insider-message-system/cmd/api/main.go:103.2,103.29 1 0
insider-message-system/cmd/api/main.go:103.29,105.53 2 0
insider-message-system/cmd/api/main.go:105.53,107.4 1 0
insider-message-system/cmd/api/main.go:110.2,113.9 3 0
insider-message-system/cmd/api/main.go:114.14,115.42 1 0
insider-message-system/cmd/api/main.go:116.20,117.35 1 0
insider-message-system/cmd/api/main.go:120.2,125.34 4 0
insider-message-system/cmd/api/main.go:125.34,127.49 2 0
insider-message-system/cmd/api/main.go:127.49,129.4 1 0
insider-message-system/cmd/api/main.go:132.2,132.49 1 0
insider-message-system/cmd/api/main.go:132.49,134.3 1 0
insider-message-system/cmd/api/main.go:136.2,139.46 3 0
insider-message-system/docs/docs.go:402.13,404.2 1 1
insider-message-system/internal/domain/message.go:48.46,56.2 1 1
insider-message-system/internal/domain/message.go:59.48,64.2 4 1
insider-message-system/internal/domain/message.go:67.47,70.2 2 1
insider-message-system/internal/domain/message.go:73.44,75.2 1 1
insider-message-system/internal/domain/message.go:78.35,80.2 1 0
insider-message-system/internal/domain/message.go:83.51,84.22 1 0
insider-message-system/internal/domain/message.go:84.22,86.3 1 0
insider-message-system/internal/domain/message.go:87.2,87.12 1 0
insider-message-system/internal/application/usecases/control_scheduler.go:24.95,28.2 1 1
insider-message-system/internal/application/usecases/control_scheduler.go:31.97,32.37 1 1
insider-message-system/internal/application/usecases/control_scheduler.go:32.37,35.3 2 1
insider-message-system/internal/application/usecases/control_scheduler.go:37.2,37.55 1 1
insider-message-system/internal/application/usecases/control_scheduler.go:37.55,40.3 2 1
insider-message-system/internal/application/usecases/control_scheduler.go:42.2,46.8 2 1
insider-message-system/internal/application/usecases/control_scheduler.go:50.96,51.38 1 1
insider-message-system/internal/application/usecases/control_scheduler.go:51.38,54.3 2 1
insider-message-system/internal/application/usecases/control_scheduler.go:56.2,56.51 1 1
insider-message-system/internal/application/usecases/control_scheduler.go:56.51,59.3 2 1
insider-message-system/internal/application/usecases/control_scheduler.go:61.2,65.8 2 1
insider-message-system/internal/application/usecases/control_scheduler.go:69.92,72.15 2 1
insider-message-system/internal/application/usecases/control_scheduler.go:72.15,77.3 1 1
insider-message-system/internal/application/usecases/control_scheduler.go:79.2,82.3 1 1
insider-message-system/internal/application/usecases/get_messages.go:31.81,35.2 1 1
insider-message-system/internal/application/usecases/get_messages.go:38.118,44.16 3 1
insider-message-system/internal/application/usecases/get_messages.go:44.16,47.3 2 0
insider-message-system/internal/application/usecases/get_messages.go:49.2,65.22 4 1
insider-message-system/internal/application/usecases/send_message.go:20.81,24.2 1 0
insider-message-system/internal/application/usecases/send_message.go:27.116,33.16 3 0
insider-message-system/internal/application/usecases/send_message.go:33.16,36.3 2 0
insider-message-system/internal/application/usecases/send_message.go:38.2,38.20 1 0
insider-message-system/internal/application/usecases/send_message.go:38.20,41.3 2 0
insider-message-system/internal/application/usecases/send_message.go:43.2,44.21 2 0
insider-message-system/internal/infrastructure/database/repos/message.go:31.42,33.2 1 1
insider-message-system/internal/infrastructure/database/repos/message.go:35.78,37.25 2 1
insider-message-system/internal/infrastructure/database/repos/message.go:37.25,40.3 2 0
insider-message-system/internal/infrastructure/database/repos/message.go:42.2,43.12 2 1
insider-message-system/internal/infrastructure/database/repos/message.go:46.97,55.25 3 1
insider-message-system/internal/infrastructure/database/repos/message.go:55.25,58.3 2 0
insider-message-system/internal/infrastructure/database/repos/message.go:60.2,60.22 1 1
insider-message-system/internal/infrastructure/database/repos/message.go:63.102,73.25 3 1
insider-message-system/internal/infrastructure/database/repos/message.go:73.25,76.3 2 0
insider-message-system/internal/infrastructure/database/repos/message.go:78.2,78.22 1 1
insider-message-system/internal/infrastructure/database/repos/message.go:81.151,88.34 2 1
insider-message-system/internal/infrastructure/database/repos/message.go:88.34,90.3 1 0
insider-message-system/internal/infrastructure/database/repos/message.go:92.2,97.25 2 1
insider-message-system/internal/infrastructure/database/repos/message.go:97.25,100.3 2 0
insider-message-system/internal/infrastructure/database/repos/message.go:102.2,102.30 1 1
insider-message-system/internal/infrastructure/database/repos/message.go:102.30,104.3 1 0
insider-message-system/internal/infrastructure/database/repos/message.go:106.2,109.12 2 1
insider-message-system/internal/infrastructure/database/repos/message.go:112.87,116.25 3 1
insider-message-system/internal/infrastructure/database/repos/message.go:116.25,117.45 1 0
insider-message-system/internal/infrastructure/database/repos/message.go:117.45,119.4 1 0
insider-message-system/internal/infrastructure/database/repos/message.go:120.3,121.93 2 0
insider-message-system/internal/infrastructure/database/repos/message.go:124.2,124.22 1 1
insider-message-system/internal/infrastructure/database/repos/message.go:127.73,135.25 3 1
insider-message-system/internal/infrastructure/database/repos/message.go:135.25,138.3 2 0
insider-message-system/internal/infrastructure/database/repos/message.go:140.2,140.19 1 1
insider-message-system/internal/infrastructure/redis/client.go:37.68,47.47 4 0
insider-message-system/internal/infrastructure/redis/client.go:47.47,49.3 1 0
insider-message-system/internal/infrastructure/redis/client.go:51.2,53.64 2 0
insider-message-system/internal/infrastructure/redis/client.go:56.113,60.16 3 1
insider-message-system/internal/infrastructure/redis/client.go:60.16,63.3 2 0
insider-message-system/internal/infrastructure/redis/client.go:65.2,66.16 2 1
insider-message-system/internal/infrastructure/redis/client.go:66.16,69.3 2 1
insider-message-system/internal/infrastructure/redis/client.go:71.2,72.12 2 1
insider-message-system/internal/infrastructure/redis/client.go:75.110,79.16 3 1
insider-message-system/internal/infrastructure/redis/client.go:79.16,80.23 1 1
insider-message-system/internal/infrastructure/redis/client.go:80.23,82.4 1 1
insider-message-system/internal/infrastructure/redis/client.go:83.3,84.85 2 1
insider-message-system/internal/infrastructure/redis/client.go:87.2,88.61 2 1
insider-message-system/internal/infrastructure/redis/client.go:88.61,91.3 2 1
insider-message-system/internal/infrastructure/redis/client.go:93.2,93.20 1 1
insider-message-system/internal/infrastructure/redis/client.go:96.91,100.16 3 1
insider-message-system/internal/infrastructure/redis/client.go:100.16,103.3 2 1
insider-message-system/internal/infrastructure/redis/client.go:105.2,106.12 2 1
insider-message-system/internal/infrastructure/redis/client.go:109.38,111.26 2 1
insider-message-system/internal/infrastructure/redis/client.go:111.26,113.3 1 0
insider-message-system/internal/infrastructure/redis/client.go:114.2,114.12 1 1
insider-message-system/internal/infrastructure/redis/client.go:117.44,120.26 3 1
insider-message-system/internal/infrastructure/redis/client.go:120.26,122.3 1 0
insider-message-system/internal/infrastructure/redis/client.go:123.2,123.12 1 1
insider-message-system/internal/infrastructure/webhook/client.go:41.47,43.2 1 0
insider-message-system/internal/infrastructure/webhook/client.go:49.73,52.2 2 0
insider-message-system/internal/infrastructure/webhook/client.go:54.59,57.2 2 0
insider-message-system/internal/infrastructure/webhook/client.go:59.63,62.2 2 0
insider-message-system/internal/infrastructure/webhook/client.go:64.70,66.2 1 0
insider-message-system/internal/infrastructure/webhook/client.go:68.69,70.2 1 0
insider-message-system/internal/infrastructure/webhook/client.go:84.87,93.59 1 0
insider-message-system/internal/infrastructure/webhook/client.go:93.59,95.4 1 0
insider-message-system/internal/infrastructure/webhook/client.go:98.2,101.22 3 0
insider-message-system/internal/infrastructure/webhook/client.go:101.22,110.3 2 0
insider-message-system/internal/infrastructure/webhook/client.go:112.2,116.3 1 0
insider-message-system/internal/infrastructure/webhook/client.go:119.115,125.29 2 1
insider-message-system/internal/infrastructure/webhook/client.go:125.29,127.3 1 0
insider-message-system/internal/infrastructure/webhook/client.go:129.2,132.51 3 1
insider-message-system/internal/infrastructure/webhook/client.go:132.51,135.3 2 0
insider-message-system/internal/infrastructure/webhook/client.go:137.2,137.16 1 1
insider-message-system/internal/infrastructure/webhook/client.go:137.16,138.43 1 1
insider-message-system/internal/infrastructure/webhook/client.go:138.43,148.4 2 1
insider-message-system/internal/infrastructure/webhook/client.go:149.3,149.47 1 1
insider-message-system/internal/infrastructure/webhook/client.go:149.47,159.4 2 1
insider-message-system/internal/infrastructure/webhook/client.go:160.3,160.18 1 1
insider-message-system/internal/infrastructure/webhook/client.go:163.2,163.22 1 0
insider-message-system/internal/infrastructure/webhook/client.go:166.121,174.16 3 1
insider-message-system/internal/infrastructure/webhook/client.go:174.16,177.3 2 1
insider-message-system/internal/infrastructure/webhook/client.go:179.2,179.57 1 1
insider-message-system/internal/infrastructure/webhook/client.go:179.57,189.3 2 1
insider-message-system/internal/infrastructure/webhook/client.go:191.2,196.23 2 1
insider-message-system/internal/infrastructure/webhook/client.go:199.60,200.29 1 1
insider-message-system/internal/infrastructure/webhook/client.go:200.29,205.3 1 1
insider-message-system/internal/infrastructure/webhook/client.go:206.2,206.38 1 1
insider-message-system/internal/infrastructure/webhook/client.go:209.64,210.29 1 1
insider-message-system/internal/infrastructure/webhook/client.go:210.29,212.3 1 1
insider-message-system/internal/infrastructure/webhook/client.go:213.2,213.36 1 1
insider-message-system/internal/infrastructure/webhook/client.go:216.57,221.16 2 1
insider-message-system/internal/infrastructure/webhook/client.go:221.16,223.3 1 1
insider-message-system/internal/infrastructure/webhook/client.go:225.2,225.57 1 1
insider-message-system/internal/infrastructure/webhook/client.go:225.57,227.3 1 1
insider-message-system/internal/infrastructure/webhook/client.go:229.2,229.12 1 1
insider-message-system/internal/interfaces/http/handlers/message.go:24.19,29.2 1 0
insider-message-system/internal/interfaces/http/handlers/message.go:42.56,45.51 2 1
insider-message-system/internal/interfaces/http/handlers/message.go:45.51,49.3 3 1
insider-message-system/internal/interfaces/http/handlers/message.go:51.2,52.16 2 1
insider-message-system/internal/interfaces/http/handlers/message.go:52.16,53.47 1 1
insider-message-system/internal/interfaces/http/handlers/message.go:53.47,66.4 2 0
insider-message-system/internal/interfaces/http/handlers/message.go:66.9,66.67 1 1
insider-message-system/internal/interfaces/http/handlers/message.go:66.67,69.4 2 1
insider-message-system/internal/interfaces/http/handlers/message.go:69.9,72.4 2 0
insider-message-system/internal/interfaces/http/handlers/message.go:73.3,73.9 1 1
insider-message-system/internal/interfaces/http/handlers/message.go:76.2,77.31 2 1
insider-message-system/internal/interfaces/http/handlers/message.go:92.58,95.52 2 1
insider-message-system/internal/interfaces/http/handlers/message.go:95.52,99.3 3 1
insider-message-system/internal/interfaces/http/handlers/message.go:101.2,102.16 2 1
insider-message-system/internal/interfaces/http/handlers/message.go:102.16,103.47 1 1
insider-message-system/internal/interfaces/http/handlers/message.go:103.47,116.4 2 0
insider-message-system/internal/interfaces/http/handlers/message.go:116.9,116.67 1 1
insider-message-system/internal/interfaces/http/handlers/message.go:116.67,119.4 2 1
insider-message-system/internal/interfaces/http/handlers/message.go:119.9,122.4 2 0
insider-message-system/internal/interfaces/http/handlers/message.go:123.3,123.9 1 1
insider-message-system/internal/interfaces/http/handlers/message.go:126.2,127.31 2 1
insider-message-system/internal/interfaces/http/handlers/scheduler.go:20.98,24.2 1 0
insider-message-system/internal/interfaces/http/handlers/scheduler.go:36.59,38.16 2 0
insider-message-system/internal/interfaces/http/handlers/scheduler.go:38.16,39.41 1 0
insider-message-system/internal/interfaces/http/handlers/scheduler.go:39.41,41.20 2 0
insider-message-system/internal/interfaces/http/handlers/scheduler.go:42.37,43.46 1 0
insider-message-system/internal/interfaces/http/handlers/scheduler.go:44.12,55.7 1 0
insider-message-system/internal/interfaces/http/handlers/scheduler.go:57.4,57.31 1 0
insider-message-system/internal/interfaces/http/handlers/scheduler.go:58.9,61.4 2 0
insider-message-system/internal/interfaces/http/handlers/scheduler.go:62.3,62.9 1 0
insider-message-system/internal/interfaces/http/handlers/scheduler.go:65.2,66.31 2 0
insider-message-system/internal/interfaces/http/handlers/scheduler.go:79.58,81.16 2 0
insider-message-system/internal/interfaces/http/handlers/scheduler.go:81.16,82.41 1 0
insider-message-system/internal/interfaces/http/handlers/scheduler.go:82.41,84.20 2 0
insider-message-system/internal/interfaces/http/handlers/scheduler.go:85.33,86.42 1 0
insider-message-system/internal/interfaces/http/handlers/scheduler.go:87.12,98.7 1 0
insider-message-system/internal/interfaces/http/handlers/scheduler.go:100.4,100.31 1 0
insider-message-system/internal/interfaces/http/handlers/scheduler.go:101.9,104.4 2 0
insider-message-system/internal/interfaces/http/handlers/scheduler.go:105.3,105.9 1 0
insider-message-system/internal/interfaces/http/handlers/scheduler.go:108.2,109.31 2 0
insider-message-system/internal/interfaces/http/handlers/scheduler.go:120.63,124.2 3 0
insider-message-system/internal/interfaces/http/routes.go:23.58,29.45 4 1
insider-message-system/internal/interfaces/http/routes.go:29.45,35.3 2 1
insider-message-system/internal/interfaces/http/routes.go:37.2,40.2 3 1
insider-message-system/internal/interfaces/http/routes.go:40.2,43.3 2 1
insider-message-system/internal/interfaces/http/routes.go:45.2,46.2 2 1
insider-message-system/internal/interfaces/http/routes.go:46.2,50.3 3 1
insider-message-system/internal/interfaces/http/routes.go:52.2,52.58 1 1
insider-message-system/internal/interfaces/http/routes.go:52.58,53.34 1 1
insider-message-system/internal/interfaces/http/routes.go:53.34,60.4 3 1
insider-message-system/internal/interfaces/http/routes.go:62.3,69.32 4 1
insider-message-system/internal/interfaces/http/server.go:22.92,23.23 1 1
insider-message-system/internal/interfaces/http/server.go:23.23,25.3 1 1
insider-message-system/internal/interfaces/http/server.go:26.2,26.23 1 1
insider-message-system/internal/interfaces/http/server.go:26.23,28.3 1 1
insider-message-system/internal/interfaces/http/server.go:30.2,46.11 6 1
insider-message-system/internal/interfaces/http/server.go:50.32,56.85 2 1
insider-message-system/internal/interfaces/http/server.go:56.85,58.3 1 0
insider-message-system/internal/interfaces/http/server.go:60.2,60.12 1 1
insider-message-system/internal/interfaces/http/server.go:64.50,70.59 4 1
insider-message-system/internal/interfaces/http/server.go:70.59,72.3 1 0
insider-message-system/internal/interfaces/http/server.go:74.2,75.12 2 1
insider-message-system/internal/interfaces/http/server.go:79.32,81.2 1 1
insider-message-system/internal/interfaces/http/middleware/cors.go:7.39,8.30 1 1
insider-message-system/internal/interfaces/http/middleware/cors.go:8.30,14.36 5 1
insider-message-system/internal/interfaces/http/middleware/cors.go:14.36,17.4 2 0
insider-message-system/internal/interfaces/http/middleware/cors.go:19.3,19.11 1 1
insider-message-system/internal/interfaces/http/middleware/logging.go:11.42,12.30 1 1
insider-message-system/internal/interfaces/http/middleware/logging.go:12.30,35.24 11 1
insider-message-system/internal/interfaces/http/middleware/logging.go:35.24,37.4 1 0
insider-message-system/internal/interfaces/http/middleware/logging.go:39.3,39.24 1 1
insider-message-system/internal/interfaces/http/middleware/logging.go:39.24,41.4 1 0
insider-message-system/internal/interfaces/http/middleware/logging.go:41.9,41.31 1 1
insider-message-system/internal/interfaces/http/middleware/logging.go:41.31,43.4 1 0
insider-message-system/internal/interfaces/http/middleware/logging.go:43.9,45.4 1 1
insider-message-system/pkg/config/config.go:72.30,81.45 7 0
insider-message-system/pkg/config/config.go:81.45,82.55 1 0
insider-message-system/pkg/config/config.go:82.55,83.32 1 0
insider-message-system/pkg/config/config.go:83.32,85.5 1 0
insider-message-system/pkg/config/config.go:86.9,88.4 1 0
insider-message-system/pkg/config/config.go:91.2,92.49 2 0
insider-message-system/pkg/config/config.go:92.49,94.3 1 0
insider-message-system/pkg/config/config.go:96.2,96.21 1 0
insider-message-system/pkg/config/config.go:99.22,130.2 24 1
insider-message-system/pkg/config/config.go:132.34,154.2 20 0
insider-message-system/pkg/config/config.go:156.31,157.43 1 0
insider-message-system/pkg/config/config.go:157.43,159.3 1 0
insider-message-system/pkg/config/config.go:161.2,161.41 1 0
insider-message-system/pkg/config/config.go:161.41,163.3 1 0
insider-message-system/pkg/config/config.go:166.36,167.45 1 1
insider-message-system/pkg/config/config.go:167.45,169.3 1 1
insider-message-system/pkg/config/config.go:171.2,171.50 1 0
insider-message-system/pkg/config/config.go:171.50,173.3 1 0
insider-message-system/pkg/config/config.go:175.2,175.70 1 0
insider-message-system/pkg/config/config.go:175.70,177.3 1 0
insider-message-system/pkg/config/config.go:179.2,179.14 1 0
insider-message-system/pkg/constants/enums/formattypes/format_types.go:10.37,12.2 1 1
insider-message-system/pkg/constants/enums/formattypes/format_types.go:14.36,15.11 1 1
insider-message-system/pkg/constants/enums/formattypes/format_types.go:16.33,17.14 1 1
insider-message-system/pkg/constants/enums/formattypes/format_types.go:18.10,19.15 1 1
insider-message-system/pkg/constants/enums/formattypes/format_types.go:23.43,25.18 2 1
insider-message-system/pkg/constants/enums/formattypes/format_types.go:25.18,27.3 1 1
insider-message-system/pkg/constants/enums/formattypes/format_types.go:28.2,28.19 1 1
insider-message-system/pkg/constants/enums/loglevels/log_levels.go:15.35,17.2 1 1
insider-message-system/pkg/constants/enums/loglevels/log_levels.go:19.34,20.11 1 1
insider-message-system/pkg/constants/enums/loglevels/log_levels.go:21.39,22.14 1 1
insider-message-system/pkg/constants/enums/loglevels/log_levels.go:23.10,24.15 1 1
insider-message-system/pkg/constants/enums/loglevels/log_levels.go:28.46,29.11 1 1
insider-message-system/pkg/constants/enums/loglevels/log_levels.go:30.13,31.28 1 1
insider-message-system/pkg/constants/enums/loglevels/log_levels.go:32.12,33.27 1 1
insider-message-system/pkg/constants/enums/loglevels/log_levels.go:34.12,35.27 1 0
insider-message-system/pkg/constants/enums/loglevels/log_levels.go:36.13,37.28 1 0
insider-message-system/pkg/constants/enums/loglevels/log_levels.go:38.13,39.28 1 0
insider-message-system/pkg/constants/enums/loglevels/log_levels.go:40.10,41.27 1 0
insider-message-system/pkg/constants/enums/loglevels/log_levels.go:45.40,47.18 2 1
insider-message-system/pkg/constants/enums/loglevels/log_levels.go:47.18,49.3 1 1
insider-message-system/pkg/constants/enums/loglevels/log_levels.go:50.2,50.13 1 1
insider-message-system/pkg/constants/enums/messagestatus/message_status.go:11.40,13.2 1 1
insider-message-system/pkg/constants/enums/messagestatus/message_status.go:15.39,16.11 1 1
insider-message-system/pkg/constants/enums/messagestatus/message_status.go:17.29,18.14 1 1
insider-message-system/pkg/constants/enums/messagestatus/message_status.go:19.10,20.15 1 1
insider-message-system/pkg/constants/enums/messagestatus/message_status.go:24.46,26.18 2 1
insider-message-system/pkg/constants/enums/messagestatus/message_status.go:26.18,28.3 1 1
insider-message-system/pkg/constants/enums/messagestatus/message_status.go:29.2,29.16 1 1
insider-message-system/pkg/errors/errors.go:15.32,17.2 1 1
insider-message-system/pkg/errors/errors.go:19.56,25.2 1 1
insider-message-system/pkg/errors/errors.go:27.76,34.2 1 1
insider-message-system/pkg/errors/errors.go:52.68,59.2 1 1
insider-message-system/pkg/http/client.go:18.36,27.59 1 1
insider-message-system/pkg/http/client.go:27.59,29.4 1 0
insider-message-system/pkg/http/client.go:33.52,34.19 1 1
insider-message-system/pkg/http/client.go:34.19,36.3 1 0
insider-message-system/pkg/http/client.go:38.2,44.48 2 1
insider-message-system/pkg/http/client.go:44.48,46.3 1 1
insider-message-system/pkg/http/client.go:48.2,48.34 1 1
insider-message-system/pkg/http/client.go:48.34,50.3 1 1
insider-message-system/pkg/http/client.go:52.2,52.15 1 1
insider-message-system/pkg/http/client.go:55.76,56.19 1 1
insider-message-system/pkg/http/client.go:56.19,58.3 1 0
insider-message-system/pkg/http/client.go:60.2,63.15 3 1
insider-message-system/pkg/http/client.go:66.98,67.19 1 1
insider-message-system/pkg/http/client.go:67.19,69.3 1 0
insider-message-system/pkg/http/client.go:71.2,74.15 3 1
insider-message-system/pkg/logger/logger.go:14.45,22.45 6 1
insider-message-system/pkg/logger/logger.go:22.45,24.3 1 1
insider-message-system/pkg/logger/logger.go:24.8,26.3 1 0
insider-message-system/pkg/logger/logger.go:28.2,29.35 2 1
insider-message-system/pkg/logger/logger.go:29.35,31.3 1 1
insider-message-system/pkg/logger/logger.go:31.8,33.17 2 0
insider-message-system/pkg/logger/logger.go:33.17,35.4 1 0
insider-message-system/pkg/logger/logger.go:36.3,36.38 1 0
insider-message-system/pkg/logger/logger.go:39.2,42.12 3 1
insider-message-system/pkg/logger/logger.go:45.44,47.2 1 1
insider-message-system/pkg/logger/logger.go:49.45,51.2 1 1
insider-message-system/pkg/logger/logger.go:53.44,55.2 1 1
insider-message-system/pkg/logger/logger.go:57.45,59.2 1 1
insider-message-system/pkg/logger/logger.go:61.45,63.2 1 0
insider-message-system/pkg/logger/logger.go:65.44,67.2 1 1
insider-message-system/pkg/logger/logger.go:69.19,71.2 1 1
insider-message-system/pkg/response/helper.go:10.43,11.24 1 1
insider-message-system/pkg/response/helper.go:12.22,13.29 1 0
insider-message-system/pkg/response/helper.go:14.21,15.28 1 0
insider-message-system/pkg/response/helper.go:16.21,17.28 1 1
insider-message-system/pkg/response/helper.go:18.22,19.29 1 0
insider-message-system/pkg/response/helper.go:22.2,22.30 1 1
insider-message-system/pkg/response/helper.go:25.48,29.2 2 1
insider-message-system/pkg/response/helper.go:31.50,35.2 2 1
insider-message-system/pkg/response/response.go:37.52,43.2 1 0
insider-message-system/pkg/response/response.go:45.48,58.2 1 1
insider-message-system/pkg/response/response.go:60.39,73.2 1 1
insider-message-system/pkg/response/response.go:75.31,89.2 2 1
insider-message-system/pkg/response/response.go:91.28,105.2 2 1
insider-message-system/pkg/response/response.go:107.34,122.2 2 1
insider-message-system/pkg/response/response.go:124.27,138.2 2 1
insider-message-system/pkg/response/response.go:140.37,153.2 1 1
insider-message-system/pkg/response/response.go:155.28,167.2 1 1
insider-message-system/pkg/response/response.go:169.42,183.2 2 1
insider-message-system/pkg/response/response.go:185.38,199.2 2 1
insider-message-system/pkg/response/response.go:201.35,219.2 2 1
insider-message-system/pkg/response/response.go:221.35,239.2 2 1
insider-message-system/pkg/response/response.go:241.41,256.2 2 1
insider-message-system/pkg/response/response.go:258.48,275.2 2 1
insider-message-system/internal/infrastructure/database/connection.go:30.39,37.2 1 1
insider-message-system/internal/infrastructure/database/connection.go:39.73,43.61 3 1
insider-message-system/internal/infrastructure/database/connection.go:43.61,44.37 1 1
insider-message-system/internal/infrastructure/database/connection.go:44.37,45.19 1 1
insider-message-system/internal/infrastructure/database/connection.go:45.19,47.5 1 1
insider-message-system/internal/infrastructure/database/connection.go:48.4,48.14 1 1
insider-message-system/internal/infrastructure/database/connection.go:49.9,52.4 2 1
insider-message-system/internal/infrastructure/database/connection.go:54.3,54.36 1 1
insider-message-system/internal/infrastructure/database/connection.go:54.36,55.9 1 1
insider-message-system/internal/infrastructure/database/connection.go:58.3,62.30 4 1
insider-message-system/internal/infrastructure/database/connection.go:62.30,64.4 1 0
insider-message-system/internal/infrastructure/database/connection.go:67.2,67.90 1 1
insider-message-system/internal/infrastructure/database/connection.go:71.99,77.38 4 1
insider-message-system/internal/infrastructure/database/connection.go:77.38,83.17 3 1
insider-message-system/internal/infrastructure/database/connection.go:83.17,85.4 1 1
insider-message-system/internal/infrastructure/database/connection.go:87.3,88.17 2 1
insider-message-system/internal/infrastructure/database/connection.go:88.17,90.4 1 0
insider-message-system/internal/infrastructure/database/connection.go:92.3,96.38 4 1
insider-message-system/internal/infrastructure/database/connection.go:96.38,98.4 1 0
insider-message-system/internal/infrastructure/database/connection.go:100.3,100.13 1 1
insider-message-system/internal/infrastructure/database/connection.go:103.2,103.16 1 1
insider-message-system/internal/infrastructure/database/connection.go:103.16,105.3 1 1
insider-message-system/internal/infrastructure/database/connection.go:107.2,111.8 2 1
insider-message-system/internal/infrastructure/database/connection.go:115.60,117.2 1 1
insider-message-system/internal/infrastructure/database/connection.go:120.31,123.39 2 1
insider-message-system/internal/infrastructure/database/connection.go:123.39,125.17 2 1
insider-message-system/internal/infrastructure/database/connection.go:125.17,127.4 1 0
insider-message-system/internal/infrastructure/database/connection.go:130.3,131.28 2 1
insider-message-system/internal/infrastructure/database/connection.go:131.28,132.53 1 0
insider-message-system/internal/infrastructure/database/connection.go:132.53,134.5 1 0
insider-message-system/internal/infrastructure/database/connection.go:135.4,135.45 1 0
insider-message-system/internal/infrastructure/database/connection.go:135.45,137.5 1 0
insider-message-system/internal/infrastructure/database/connection.go:140.3,140.13 1 1
insider-message-system/internal/infrastructure/database/connection.go:144.45,153.2 1 0
insider-message-system/internal/infrastructure/database/connection.go:155.37,163.30 2 0
insider-message-system/internal/infrastructure/database/connection.go:163.30,164.44 1 0
insider-message-system/internal/infrastructure/database/connection.go:164.44,166.4 1 0
insider-message-system/internal/infrastructure/database/connection.go:169.2,169.12 1 0
insider-message-system/internal/infrastructure/database/connection.go:173.29,176.16 3 1
insider-message-system/internal/infrastructure/database/connection.go:176.16,178.3 1 0
insider-message-system/internal/infrastructure/database/connection.go:179.2,179.22 1 1
insider-message-system/internal/infrastructure/database/connection.go:183.35,191.39 2 1
insider-message-system/internal/infrastructure/database/connection.go:191.39,193.17 2 1
insider-message-system/internal/infrastructure/database/connection.go:193.17,195.4 1 0
insider-message-system/internal/infrastructure/database/connection.go:196.3,196.22 1 1
